<?xml version="1.0" encoding="UTF-8"?>
<!-- Generated by org.testng.reporters.JUnitXMLReporter -->
<testsuite ignored="0" hostname="Saurav-PC" failures="0" tests="4" name="Default test" time="4.823" errors="0" timestamp="2025-01-20T21:48:01 IST">
  <testcase classname="opencart_test.login_test" name="getTitle" time="0.02"/>
  <testcase classname="opencart_test.login_test" name="myAccountBtn" time="0.183"/>
  <testcase classname="opencart_test.login_test" name="login_Btn" time="0.337"/>
  <testcase classname="opencart_test.login_test" name="getData_Exl" time="1.688"/>
</testsuite> <!-- Default test -->
