<?xml version="1.0" encoding="UTF-8"?>
<!-- Generated by org.testng.reporters.JUnitXMLReporter -->
<testsuite ignored="0" hostname="Saurav-PC" failures="0" tests="4" name="Default test" time="5.778" errors="0" timestamp="2025-01-23T22:20:41 IST">
  <testcase classname="opencart_test.login_test" name="getTitle" time="0.023"/>
  <testcase classname="opencart_test.login_test" name="myAccountBtn" time="0.205"/>
  <testcase classname="opencart_test.login_test" name="login_Btn" time="0.312"/>
  <testcase classname="opencart_test.login_test" name="getData_Exl" time="1.434"/>
</testsuite> <!-- Default test -->
