<?xml version="1.0" encoding="UTF-8"?>
<testng-results ignored="0" total="4" passed="4" failed="0" skipped="0">
  <reporter-output>
  </reporter-output>
  <suite started-at="2025-01-20T21:47:56 IST" name="Default suite" finished-at="2025-01-20T21:48:01 IST" duration-ms="4823">
    <groups>
    </groups>
    <test started-at="2025-01-20T21:47:56 IST" name="Default test" finished-at="2025-01-20T21:48:01 IST" duration-ms="4823">
      <class name="opencart_test.login_test">
        <test-method is-config="true" signature="getlaunchUrl()[pri:0, instance:opencart_test.login_test@18920cc]" started-at="2025-01-20T21:47:56 IST" name="getlaunchUrl" finished-at="2025-01-20T21:47:59 IST" duration-ms="2524" status="PASS">
          <reporter-output>
          </reporter-output>
        </test-method> <!-- getlaunchUrl -->
        <test-method signature="getTitle()[pri:0, instance:opencart_test.login_test@18920cc]" started-at="2025-01-20T21:47:59 IST" name="getTitle" finished-at="2025-01-20T21:47:59 IST" duration-ms="20" status="PASS">
          <reporter-output>
          </reporter-output>
        </test-method> <!-- getTitle -->
        <test-method signature="myAccountBtn()[pri:1, instance:opencart_test.login_test@18920cc]" started-at="2025-01-20T21:47:59 IST" name="myAccountBtn" finished-at="2025-01-20T21:47:59 IST" duration-ms="183" status="PASS">
          <reporter-output>
          </reporter-output>
        </test-method> <!-- myAccountBtn -->
        <test-method signature="login_Btn()[pri:2, instance:opencart_test.login_test@18920cc]" started-at="2025-01-20T21:47:59 IST" name="login_Btn" finished-at="2025-01-20T21:47:59 IST" duration-ms="337" status="PASS">
          <reporter-output>
          </reporter-output>
        </test-method> <!-- login_Btn -->
        <test-method signature="getData_Exl()[pri:3, instance:opencart_test.login_test@18920cc]" started-at="2025-01-20T21:47:59 IST" name="getData_Exl" finished-at="2025-01-20T21:48:01 IST" duration-ms="1688" status="PASS">
          <reporter-output>
          </reporter-output>
        </test-method> <!-- getData_Exl -->
      </class> <!-- opencart_test.login_test -->
    </test> <!-- Default test -->
  </suite> <!-- Default suite -->
</testng-results>
